<?xml version="1.0" encoding="UTF-8"?>
<testng-results skipped="0" failed="0" total="1" passed="1">
  <reporter-output>
  </reporter-output>
  <suite name="Default suite" duration-ms="25544" started-at="2017-08-11T14:48:18Z" finished-at="2017-08-11T14:48:44Z">
    <groups>
    </groups>
    <test name="Default test" duration-ms="25544" started-at="2017-08-11T14:48:18Z" finished-at="2017-08-11T14:48:44Z">
      <class name="TestReport">
        <test-method status="PASS" signature="verifyBlogTitle()[pri:0, instance:TestReport@1907bac]" name="verifyBlogTitle" duration-ms="25245" started-at="2017-08-11T17:48:18Z" finished-at="2017-08-11T17:48:44Z">
          <reporter-output>
          </reporter-output>
        </test-method> <!-- verifyBlogTitle -->
        <test-method status="PASS" signature="tearDown(org.testng.ITestResult)[pri:0, instance:TestReport@1907bac]" name="tearDown" is-config="true" duration-ms="277" started-at="2017-08-11T17:48:44Z" finished-at="2017-08-11T17:48:44Z">
          <params>
            <param index="0">
              <value>
                <![CDATA[[TestResult name=verifyBlogTitle status=SUCCESS method=TestReport.verifyBlogTitle()[pri:0, instance:TestReport@1907bac] output={null}]]]>
              </value>
            </param>
          </params>
          <reporter-output>
          </reporter-output>
        </test-method> <!-- tearDown -->
      </class> <!-- TestReport -->
    </test> <!-- Default test -->
  </suite> <!-- Default suite -->
</testng-results>
